26-12-2022 23:23:18 [main] INFO  c.m.d.t.t.k.s.TwitterToKafkaServiceApplication - Starting TwitterToKafkaServiceApplication on DESKTOP-4QCRF4L with PID 18720 (C:\curso\microservices-demo\twitter-to-kafka-service\target\classes started by a877817 in C:\curso\microservices-demo)
26-12-2022 23:23:18 [main] INFO  c.m.d.t.t.k.s.TwitterToKafkaServiceApplication - No active profile set, falling back to default profiles: default
26-12-2022 23:23:19 [main] INFO  c.m.d.t.t.k.s.TwitterToKafkaServiceApplication - Started TwitterToKafkaServiceApplication in 1.011 seconds (JVM running for 1.521)
26-12-2022 23:23:19 [main] INFO  c.m.d.t.t.k.s.TwitterToKafkaServiceApplication - App starts...
26-12-2022 23:23:19 [main] INFO  c.m.d.t.t.k.s.TwitterToKafkaServiceApplication - [Java, Microservices, Spring, Kafka, Elasticsearch]
26-12-2022 23:25:58 [main] INFO  c.m.d.t.t.k.s.TwitterToKafkaServiceApplication - Starting TwitterToKafkaServiceApplication on DESKTOP-4QCRF4L with PID 9448 (C:\curso\microservices-demo\twitter-to-kafka-service\target\classes started by a877817 in C:\curso\microservices-demo)
26-12-2022 23:25:58 [main] INFO  c.m.d.t.t.k.s.TwitterToKafkaServiceApplication - No active profile set, falling back to default profiles: default
26-12-2022 23:25:59 [main] INFO  c.m.d.t.t.k.s.TwitterToKafkaServiceApplication - Started TwitterToKafkaServiceApplication in 0.908 seconds (JVM running for 1.444)
26-12-2022 23:25:59 [main] INFO  c.m.d.t.t.k.s.TwitterToKafkaServiceApplication - App starts...
26-12-2022 23:25:59 [main] INFO  c.m.d.t.t.k.s.TwitterToKafkaServiceApplication - [Java, Microservices, Spring, Kafka, Elasticsearch]
26-12-2022 23:26:18 [main] INFO  c.m.d.t.t.k.s.TwitterToKafkaServiceApplication - Starting TwitterToKafkaServiceApplication on DESKTOP-4QCRF4L with PID 17652 (C:\curso\microservices-demo\twitter-to-kafka-service\target\classes started by a877817 in C:\curso\microservices-demo)
26-12-2022 23:26:18 [main] INFO  c.m.d.t.t.k.s.TwitterToKafkaServiceApplication - No active profile set, falling back to default profiles: default
26-12-2022 23:26:19 [main] INFO  c.m.d.t.t.k.s.TwitterToKafkaServiceApplication - Started TwitterToKafkaServiceApplication in 0.992 seconds (JVM running for 1.507)
26-12-2022 23:26:19 [main] INFO  c.m.d.t.t.k.s.TwitterToKafkaServiceApplication - App starts...
26-12-2022 23:26:19 [main] INFO  c.m.d.t.t.k.s.TwitterToKafkaServiceApplication - [Java, Microservices, Spring, Kafka, Elasticsearch]jeje
26-12-2022 23:27:45 [main] INFO  c.m.d.t.t.k.s.TwitterToKafkaServiceApplication - Starting TwitterToKafkaServiceApplication on DESKTOP-4QCRF4L with PID 20588 (C:\curso\microservices-demo\twitter-to-kafka-service\target\classes started by a877817 in C:\curso\microservices-demo)
26-12-2022 23:27:45 [main] INFO  c.m.d.t.t.k.s.TwitterToKafkaServiceApplication - No active profile set, falling back to default profiles: default
26-12-2022 23:31:13 [main] INFO  c.m.d.t.t.k.s.TwitterToKafkaServiceApplication - Started TwitterToKafkaServiceApplication in 208.698 seconds (JVM running for 209.935)
26-12-2022 23:31:13 [main] INFO  c.m.d.t.t.k.s.TwitterToKafkaServiceApplication - App starts...
26-12-2022 23:31:13 [main] INFO  c.m.d.t.t.k.s.TwitterToKafkaServiceApplication - [Java, Microservices, Spring, Kafka, Elasticsearch]
